Using pre-set license
Built from '2020.3/staging' branch; Version is '2020.3.14f1 (d0d1bb862f9d) revision 13685179'; Using compiler version '192528614'; Build Type 'Release'
OS: 'Windows 10 Home; OS build 19045.2486; Version 2009; 64bit' Language: 'en' Physical Memory: 16228 MB
BatchMode: 1, IsHumanControllingUs: 0, StartBugReporterOnCrash: 0, Is64bit: 1, IsPro: 0

 COMMAND LINE ARGUMENTS:
C:\Users\Deer\Documents\UnityVersions\2020.3.14f1\Editor\Unity.exe
-adb2
-batchMode
-noUpm
-name
AssetImportWorker0
-projectPath
C:/gitRes/MezzanineController
-logFile
Logs/AssetImportWorker0.log
-srvPort
62510
Successfully changed project path to: C:/gitRes/MezzanineController
C:/gitRes/MezzanineController
Using Asset Import Pipeline V2.
Refreshing native plugins compatible for Editor in 47.09 ms, found 2 plugins.
Preloading 0 native plugins for Editor in 0.00 ms.
Initialize engine version: 2020.3.14f1 (d0d1bb862f9d)
[Subsystems] Discovering subsystems at path C:/Users/Deer/Documents/UnityVersions/2020.3.14f1/Editor/Data/Resources/UnitySubsystems
[Subsystems] Discovering subsystems at path C:/gitRes/MezzanineController/Assets
GfxDevice: creating device client; threaded=0
Direct3D:
    Version:  Direct3D 11.0 [level 11.1]
    Renderer: NVIDIA GeForce GTX 1060 with Max-Q Design (ID=0x1c20)
    Vendor:   
    VRAM:     6043 MB
    Driver:   31.0.15.2686
Shader 'Universal Render Pipeline/Particles/Lit': fallback shader 'Universal Render Pipeline/Particles/SimpleLit' not found
Initialize mono
Mono path[0] = 'C:/Users/Deer/Documents/UnityVersions/2020.3.14f1/Editor/Data/Managed'
Mono path[1] = 'C:/Users/Deer/Documents/UnityVersions/2020.3.14f1/Editor/Data/MonoBleedingEdge/lib/mono/unityjit'
Mono config path = 'C:/Users/Deer/Documents/UnityVersions/2020.3.14f1/Editor/Data/MonoBleedingEdge/etc'
Using monoOptions --debugger-agent=transport=dt_socket,embedding=1,server=y,suspend=n,address=127.0.0.1:56952
Begin MonoManager ReloadAssembly
Registering precompiled unity dll's ...
Register platform support module: C:/Users/Deer/Documents/UnityVersions/2020.3.14f1/Editor/Data/PlaybackEngines/WindowsStandaloneSupport/UnityEditor.WindowsStandalone.Extensions.dll
Register platform support module: C:/Users/Deer/Documents/UnityVersions/2020.3.14f1/Editor/Data/PlaybackEngines/LinuxStandaloneSupport/UnityEditor.LinuxStandalone.Extensions.dll
Registered in 0.002293 seconds.
Native extension for LinuxStandalone target not found
Native extension for WindowsStandalone target not found
Refreshing native plugins compatible for Editor in 46.42 ms, found 2 plugins.
Preloading 0 native plugins for Editor in 0.00 ms.
Mono: successfully reloaded assembly
- Completed reload, in  1.067 seconds
Domain Reload Profiling:
	ReloadAssembly (1067ms)
		BeginReloadAssembly (51ms)
			ExecutionOrderSort (0ms)
			DisableScriptedObjects (0ms)
			BackupInstance (0ms)
			ReleaseScriptingObjects (0ms)
			CreateAndSetChildDomain (1ms)
		EndReloadAssembly (426ms)
			LoadAssemblies (49ms)
			RebuildTransferFunctionScriptingTraits (0ms)
			SetupTypeCache (148ms)
			ReleaseScriptCaches (0ms)
			RebuildScriptCaches (35ms)
			SetupLoadedEditorAssemblies (176ms)
				LogAssemblyErrors (0ms)
				InitializePlatformSupportModulesInManaged (6ms)
				SetLoadedEditorAssemblies (0ms)
				RefreshPlugins (46ms)
				BeforeProcessingInitializeOnLoad (12ms)
				ProcessInitializeOnLoadAttributes (82ms)
				ProcessInitializeOnLoadMethodAttributes (29ms)
				AfterProcessingInitializeOnLoad (0ms)
				EditorAssembliesLoaded (0ms)
			ExecutionOrderSort2 (0ms)
			AwakeInstancesAfterBackupRestoration (0ms)
Platform modules already initialized, skipping
Registering precompiled user dll's ...
Registered in 0.124330 seconds.
Begin MonoManager ReloadAssembly
Native extension for LinuxStandalone target not found
Native extension for WindowsStandalone target not found
Refreshing native plugins compatible for Editor in 47.33 ms, found 2 plugins.
Preloading 0 native plugins for Editor in 0.00 ms.
Mono: successfully reloaded assembly
- Completed reload, in  1.141 seconds
Domain Reload Profiling:
	ReloadAssembly (1141ms)
		BeginReloadAssembly (143ms)
			ExecutionOrderSort (0ms)
			DisableScriptedObjects (4ms)
			BackupInstance (0ms)
			ReleaseScriptingObjects (0ms)
			CreateAndSetChildDomain (18ms)
		EndReloadAssembly (938ms)
			LoadAssemblies (93ms)
			RebuildTransferFunctionScriptingTraits (0ms)
			SetupTypeCache (317ms)
			ReleaseScriptCaches (1ms)
			RebuildScriptCaches (53ms)
			SetupLoadedEditorAssemblies (359ms)
				LogAssemblyErrors (0ms)
				InitializePlatformSupportModulesInManaged (5ms)
				SetLoadedEditorAssemblies (1ms)
				RefreshPlugins (47ms)
				BeforeProcessingInitializeOnLoad (90ms)
				ProcessInitializeOnLoadAttributes (205ms)
				ProcessInitializeOnLoadMethodAttributes (4ms)
				AfterProcessingInitializeOnLoad (6ms)
				EditorAssembliesLoaded (0ms)
			ExecutionOrderSort2 (0ms)
			AwakeInstancesAfterBackupRestoration (7ms)
Platform modules already initialized, skipping
========================================================================
Worker process is ready to serve import requests
Shader 'Universal Render Pipeline/Particles/Lit': fallback shader 'Universal Render Pipeline/Particles/SimpleLit' not found
Launched and connected shader compiler UnityShaderCompiler.exe after 0.04 seconds
Refreshing native plugins compatible for Editor in 0.79 ms, found 2 plugins.
Preloading 0 native plugins for Editor in 0.00 ms.
Unloading 2873 Unused Serialized files (Serialized files now loaded: 0)
System memory in use before: 132.1 MB.
System memory in use after: 132.3 MB.

Unloading 21 unused Assets to reduce memory usage. Loaded Objects now: 3311.
Total: 2.860500 ms (FindLiveObjects: 0.310400 ms CreateObjectMapping: 0.135500 ms MarkObjects: 2.317000 ms  DeleteObjects: 0.096500 ms)

AssetImportParameters requested are different than current active one (requested -> active):
  custom:framework-win-MediaFoundation: 216162199b28c13a410421893ffa2e32 -> 
  custom:video-decoder-ogg-theora: a1e56fd34408186e4bbccfd4996cb3dc -> 
  custom:container-muxer-webm: aa71ff27fc2769a1b78a27578f13a17b -> 
  custom:container-demuxer-webm: 4f35f7cbe854078d1ac9338744f61a02 -> 
  custom:container-demuxer-ogg: 62fdf1f143b41e24485cea50d1cbac27 -> 
  custom:video-encoder-webm-vp8: eb34c28f22e8b96e1ab97ce403110664 -> 
  custom:video-decoder-webm-vp8: 9c59270c3fd7afecdb556c50c9e8de78 -> 
  custom:audio-decoder-ogg-vorbis: bf7c407c2cedff20999df2af8eb42d56 -> 
  custom:audio-encoder-webm-vorbis: bf7c407c2cedff20999df2af8eb42d56 -> 
========================================================================
Received Import Request.
  path: Assets/Character/Placeholder/Mats/Red.mat
  artifactKey: Guid(569dff95a2591b04287d5c7af9205b21) Importer(815301076,1909f56bfc062723c751e8b465ee728b)
Start importing Assets/Character/Placeholder/Mats/Red.mat using Guid(569dff95a2591b04287d5c7af9205b21) Importer(815301076,1909f56bfc062723c751e8b465ee728b)  -> (artifact id: '736b7a32fc8adbe1f5c993864405aefc') in 0.651026 seconds 
  Import took 0.655667 seconds .

========================================================================
Received Import Request.
  Time since last request: 0.000314 seconds.
  path: Assets/Character/Placeholder/Mats/Sand1.mat
  artifactKey: Guid(dd5e7a0507723fa41815bcad2e32255d) Importer(815301076,1909f56bfc062723c751e8b465ee728b)
Start importing Assets/Character/Placeholder/Mats/Sand1.mat using Guid(dd5e7a0507723fa41815bcad2e32255d) Importer(815301076,1909f56bfc062723c751e8b465ee728b)  -> (artifact id: '975405b3260698cd6badbf80c1da7180') in 0.013799 seconds 
  Import took 0.018549 seconds .

========================================================================
Received Import Request.
  Time since last request: 0.000308 seconds.
  path: Assets/Character/Placeholder/Mats/Sand2.mat
  artifactKey: Guid(14c022d616a21b54ab7ad73095a29e76) Importer(815301076,1909f56bfc062723c751e8b465ee728b)
Start importing Assets/Character/Placeholder/Mats/Sand2.mat using Guid(14c022d616a21b54ab7ad73095a29e76) Importer(815301076,1909f56bfc062723c751e8b465ee728b)  -> (artifact id: 'c605da9f84ed985b1d227d6ba7e6be7e') in 0.011568 seconds 
  Import took 0.015673 seconds .

========================================================================
Received Import Request.
  Time since last request: 0.000273 seconds.
  path: Assets/Character/Placeholder/Mats/Sand3.mat
  artifactKey: Guid(2280701ab6e50c44eaf4cd8a35d78748) Importer(815301076,1909f56bfc062723c751e8b465ee728b)
Start importing Assets/Character/Placeholder/Mats/Sand3.mat using Guid(2280701ab6e50c44eaf4cd8a35d78748) Importer(815301076,1909f56bfc062723c751e8b465ee728b)  -> (artifact id: 'cdff87eafcdac5758062ade373f23816') in 0.011386 seconds 
  Import took 0.015378 seconds .

========================================================================
Received Import Request.
  Time since last request: 35.221183 seconds.
  path: Assets/Character/Nicer
  artifactKey: Guid(b9cba295bdfad5b4ebf86f1317e80d2c) Importer(815301076,1909f56bfc062723c751e8b465ee728b)
Start importing Assets/Character/Nicer using Guid(b9cba295bdfad5b4ebf86f1317e80d2c) Importer(815301076,1909f56bfc062723c751e8b465ee728b)  -> (artifact id: 'e9d525f260bd01c23b52422c80e13c57') in 0.005962 seconds 
  Import took 0.011923 seconds .

========================================================================
Received Import Request.
  Time since last request: 4.020129 seconds.
  path: Assets/Character/Nicer/SoftLow.fbx
  artifactKey: Guid(044509a6ea9824c4ca093430198f7df5) Importer(815301076,1909f56bfc062723c751e8b465ee728b)
Start importing Assets/Character/Nicer/SoftLow.fbx using Guid(044509a6ea9824c4ca093430198f7df5) Importer(815301076,1909f56bfc062723c751e8b465ee728b)  -> (artifact id: '489ad59ce8ffabb3858d4eb63e317542') in 0.091493 seconds 
  Import took 0.096506 seconds .

========================================================================
Received Import Request.
  Time since last request: 8.896017 seconds.
  path: Assets/Character/Nicer/SoftLow_SoftBody_AlbedoTransparency.png
  artifactKey: Guid(5e1fc0c1745b66e4fbc05ae63e8c80b3) Importer(815301076,1909f56bfc062723c751e8b465ee728b)
Start importing Assets/Character/Nicer/SoftLow_SoftBody_AlbedoTransparency.png using Guid(5e1fc0c1745b66e4fbc05ae63e8c80b3) Importer(815301076,1909f56bfc062723c751e8b465ee728b)  -> (artifact id: 'b1402de5f44505bd63a897ea342b249e') in 0.037314 seconds 
  Import took 0.042523 seconds .

========================================================================
Received Import Request.
  Time since last request: 0.000314 seconds.
  path: Assets/Character/Nicer/SoftLow_SoftBody_Normal.png
  artifactKey: Guid(b8e287ea980fd4248a4d743857cae5f2) Importer(815301076,1909f56bfc062723c751e8b465ee728b)
Start importing Assets/Character/Nicer/SoftLow_SoftBody_Normal.png using Guid(b8e287ea980fd4248a4d743857cae5f2) Importer(815301076,1909f56bfc062723c751e8b465ee728b)  -> (artifact id: 'a09a86a4eabf204c1eaeb760bb433e4d') in 0.010966 seconds 
  Import took 0.016456 seconds .

========================================================================
Received Import Request.
  Time since last request: 0.000319 seconds.
  path: Assets/Character/Nicer/SoftLow_SoftBody_MetallicSmoothness.png
  artifactKey: Guid(294e46a1c5e9c43429448357d51ad9e0) Importer(815301076,1909f56bfc062723c751e8b465ee728b)
Start importing Assets/Character/Nicer/SoftLow_SoftBody_MetallicSmoothness.png using Guid(294e46a1c5e9c43429448357d51ad9e0) Importer(815301076,1909f56bfc062723c751e8b465ee728b)  -> (artifact id: 'fdd4959b8c50770d19b2a344315f0cc3') in 0.022583 seconds 
  Import took 0.027275 seconds .

========================================================================
Received Import Request.
  Time since last request: 47.776762 seconds.
  path: Assets/Character/Nicer/SoftLow_SoftBody_Normal.png
  artifactKey: Guid(b8e287ea980fd4248a4d743857cae5f2) Importer(815301076,1909f56bfc062723c751e8b465ee728b)
Start importing Assets/Character/Nicer/SoftLow_SoftBody_Normal.png using Guid(b8e287ea980fd4248a4d743857cae5f2) Importer(815301076,1909f56bfc062723c751e8b465ee728b)  -> (artifact id: '10ec6177ad686a4ef5ff04c30ea274f8') in 0.019982 seconds 
  Import took 0.025534 seconds .

========================================================================
Received Prepare
Registering precompiled user dll's ...
Registered in 0.004891 seconds.
Begin MonoManager ReloadAssembly
Native extension for LinuxStandalone target not found
Native extension for WindowsStandalone target not found
Refreshing native plugins compatible for Editor in 0.48 ms, found 2 plugins.
Preloading 0 native plugins for Editor in 0.00 ms.
Mono: successfully reloaded assembly
- Completed reload, in  1.315 seconds
Domain Reload Profiling:
	ReloadAssembly (1315ms)
		BeginReloadAssembly (149ms)
			ExecutionOrderSort (0ms)
			DisableScriptedObjects (7ms)
			BackupInstance (0ms)
			ReleaseScriptingObjects (0ms)
			CreateAndSetChildDomain (39ms)
		EndReloadAssembly (1093ms)
			LoadAssemblies (122ms)
			RebuildTransferFunctionScriptingTraits (0ms)
			SetupTypeCache (388ms)
			ReleaseScriptCaches (1ms)
			RebuildScriptCaches (50ms)
			SetupLoadedEditorAssemblies (339ms)
				LogAssemblyErrors (0ms)
				InitializePlatformSupportModulesInManaged (5ms)
				SetLoadedEditorAssemblies (0ms)
				RefreshPlugins (1ms)
				BeforeProcessingInitializeOnLoad (83ms)
				ProcessInitializeOnLoadAttributes (234ms)
				ProcessInitializeOnLoadMethodAttributes (8ms)
				AfterProcessingInitializeOnLoad (8ms)
				EditorAssembliesLoaded (0ms)
			ExecutionOrderSort2 (0ms)
			AwakeInstancesAfterBackupRestoration (55ms)
Platform modules already initialized, skipping
Shader 'Universal Render Pipeline/Particles/Lit': fallback shader 'Universal Render Pipeline/Particles/SimpleLit' not found
Refreshing native plugins compatible for Editor in 0.52 ms, found 2 plugins.
Preloading 0 native plugins for Editor in 0.00 ms.
Unloading 2750 Unused Serialized files (Serialized files now loaded: 0)
System memory in use before: 129.5 MB.
System memory in use after: 129.7 MB.

Unloading 16 unused Assets to reduce memory usage. Loaded Objects now: 3402.
Total: 2.510500 ms (FindLiveObjects: 0.252700 ms CreateObjectMapping: 0.091100 ms MarkObjects: 2.105700 ms  DeleteObjects: 0.059900 ms)

AssetImportParameters requested are different than current active one (requested -> active):
  custom:framework-win-MediaFoundation: 216162199b28c13a410421893ffa2e32 -> 
  custom:video-decoder-ogg-theora: a1e56fd34408186e4bbccfd4996cb3dc -> 
  custom:container-muxer-webm: aa71ff27fc2769a1b78a27578f13a17b -> 
  custom:container-demuxer-webm: 4f35f7cbe854078d1ac9338744f61a02 -> 
  custom:container-demuxer-ogg: 62fdf1f143b41e24485cea50d1cbac27 -> 
  custom:video-encoder-webm-vp8: eb34c28f22e8b96e1ab97ce403110664 -> 
  custom:video-decoder-webm-vp8: 9c59270c3fd7afecdb556c50c9e8de78 -> 
  custom:audio-decoder-ogg-vorbis: bf7c407c2cedff20999df2af8eb42d56 -> 
  custom:audio-encoder-webm-vorbis: bf7c407c2cedff20999df2af8eb42d56 -> 
AssetImportWorkerClient::OnTransportError - code=2 error=End of file
